<!DOCTYPE html PUBLIC "-//W3C//DTD XHTML 1.0 Transitional//EN" "http://www.w3.org/TR/xhtml1/DTD/xhtml1-transitional.dtd">
<html xmlns="http://www.w3.org/1999/xhtml">
<head>
<title>Execution report - junitmetalink:1.0-SNAPSHOT</title>
<meta http-equiv="Content-Type" content="text/html; charset=utf-8" />
<!-- Please leave knacss.css alone : it is not ours and should be used as is. -->
<link rel="stylesheet" href="public/stylesheets/knacss.css" media="all" />
<!-- Please write all CSS evolutions in the tweak.css file below, NOT in knack.css above : it is not ours and should be used as is. -->
<link rel="stylesheet" href="public/stylesheets/tweaks.css" media="all" />
<link rel="icon" type="image/png" href="public/images/logo_squash_favicone.ico" />
<link rel="shortcut icon" type="image/x-icon" href="public/images/logo_squash_favicone.ico" />
</head>
<body class="ml2 mr2 mt1">
    <div id="header" class="header">
        <div>
            <img class="left" src="public/images/logo_squash.png" alt="Logo Squash" />
        </div>
        <div>
            <h1>Automated Test Execution Report</h1>
        </div>
    </div>
    
    <div id="content">
        <div id="summary">
            <div class="info">
                <span>GroupId:&nbsp;</span>tnr<br/> 
                <span>ArtifactId:&nbsp;</span>junitmetalink<br/> 
                <span>Version:&nbsp;</span>1.0-SNAPSHOT<br/> 
                <br/> 
                <span>Execution date:&nbsp;</span>11/18/2019 16:34:02
                <br/>
            </div>

            <!-- GLOBAL SUMMARY -->
            <table class="w100 striped">
                <thead>
                    <tr class="table-header">
                        <th colspan=2>Test Set</th>
                        <th class="w10">Tests</th>
                        <th class="w10"><img src="public/images/Circle_Green.png" />&nbsp;Successes</th>
                        <th class="w10"><img src="public/images/Circle_Yellow.png" />&nbsp;Failures</th>
                        <th class="w10"><img src="public/images/Circle_Red.png" />&nbsp;Errors</th>
                        <th class="w10"><img src="public/images/Circle_Grey.png" />&nbsp;Not run</th>
                        <th class="w10"><img src="public/images/Circle_Grey.png" />&nbsp;Not found</th>
                        <th class="w10">Success Rate</th>
                        <th class="w10">Time (s)</th>
                    </tr>
                </thead>
                    <tbody>
    <tr>
        <td class="center status">
            <div class="w15p"><a href="#maven.test.bundle.tnr.junitmetalink.MutationObserverTest">        <img src="public/images/Circle_Red.png" />
</a></div>
        </td>
        <td><a href="#maven.test.bundle.tnr.junitmetalink.MutationObserverTest">maven.test.bundle.tnr.junitmetalink.MutationObserverTest</a></td>
        <td>1</td>
        <td>0</td>
        <td>0</td>
        <td>1</td>
        <td>0</td>
        <td>0</td>
        <td>0%</td>
        <td>7,97</td>
    </tr>
    <tr>
        <td class="center status">
            <div class="w15p"><a href="#maven.test.bundle.tnr.junitmetalink.AnimatedMenuTest">        <img src="public/images/Circle_Red.png" />
</a></div>
        </td>
        <td><a href="#maven.test.bundle.tnr.junitmetalink.AnimatedMenuTest">maven.test.bundle.tnr.junitmetalink.AnimatedMenuTest</a></td>
        <td>2</td>
        <td>0</td>
        <td>0</td>
        <td>2</td>
        <td>0</td>
        <td>0</td>
        <td>0%</td>
        <td>8,984</td>
    </tr>
                    </tbody>
                    <tfoot>
                        <tr class="b">
                            <td colspan=2>Total:</td>
                            <td>3</td>
                            <td>0</td>
                            <td>0</td>
                            <td>3</td>
                            <td>0</td>
                            <td>0</td>                        
                            <td>0%</td>
                            <td>16,954</td>
                        </tr>
                    </tfoot>
            </table>
            <div class="note">
                Note:
                <ul>
                    <li>"Failures" are anticipated and checked for with assertions whereas "errors" are unanticipated.</li>
                    <li>"Not run" means that the test case was not run, because an error / failure occurred during the ecosystem setup phase.</li>
                    <li>The ecosystem might end up with an "error" or "failure" status, even if all its test cases were successful. It means an error / failure occurred during the ecosystem teardown phase.</li>
                </ul> 
            </div>
        </div>
        
                <div class="ecosystem">
    <div class="ecosystem-header">
        <h2>
            <a id="maven.test.bundle.tnr.junitmetalink.MutationObserverTest"></a>        <img src="public/images/Circle_Red.png" />
maven.test.bundle.tnr.junitmetalink.MutationObserverTest
        </h2>
    </div>
    <div class="ecosystem-body">
        <div class="ecosystem-summary">
            <table class="w100 striped">
                <thead>
                    <tr class="table-header">
                        <th colspan="2">Script</th>
                        <th class="w10">Status</th>
                        <th class="w10">Time (s)</th>
                    </tr>
                </thead>
                <tbody>
    <tr>
        <td class="center status"><a href="#maven.test.bundle.tnr.junitmetalink.MutationObserverTest_tnr.junitmetalink.MutationObserverTest.testMutation()">         <img src="public/images/Circle_Red.png" />
 </a></td>
        <td>
                <a href="#maven.test.bundle.tnr.junitmetalink.MutationObserverTest_tnr.junitmetalink.MutationObserverTest.testMutation()">tnr.junitmetalink.MutationObserverTest.testMutation()</a>
        </td>
        <td>        Error
</td>
        <td>
                7,96
        </td>
    </tr>
                </tbody>
            </table>
            <div class="script-link">
                <a href="#header">[Back to top]</a>
            </div>
        </div>    <div class="script">
        <div class="script-header">
            <h3>
                        <img src="public/images/Circle_Red.png" />
<a id="maven.test.bundle.tnr.junitmetalink.MutationObserverTest_tnr.junitmetalink.MutationObserverTest.testMutation()"></a> tnr.junitmetalink.MutationObserverTest.testMutation()
            </h3>
        </div>
        <div class="script-content">
    
            <div class="note">
                <span>Status:&nbsp;</span>        Error
<br/>
                <span>Time (s):&nbsp;</span>7,96
            </div>
    
            <table class="w100 striped">
                <thead>
                    <tr class="table-header">
                        <th class="status"></th>
                        <th colspan="2" class="big">Test steps</th>
                        <th class="w50p txtcenter">Line</th>
                    </tr>
                </thead>
                <tbody>
                
                        <tr>
                            <td colspan="1"/>
                            <td colspan="3"><strong>TEST :</strong></td>
                        </tr>
    <tr class="a">
        <td class="center status">
        <img src="public/images/Circle_Green.png" />
        </td>
        <td class="table-inner-content" colspan="2">
            <div class="col">Defining test case : &quot;testMutation()&quot; from &quot;tnr.junitmetalink.MutationObserverTest&quot; whith unique id &quot;[engine:junit-jupiter]/[class:tnr.junitmetalink.MutationObserverTest]/[method:testMutation()]&quot;</div>
        </td>
        <td class="txtcenter instruction-line">
            0
        </td>
    </tr>
    <tr class="a">
        <td class="center status">
        <img src="public/images/Circle_Red.png" />
        </td>
        <td class="table-inner-content" colspan="2">
                <div class="col">Running testMutation() from tnr.junitmetalink.MutationObserverTest</div>
                <div class="stack">
    <div class="row">
    <div id="toggle0-expand" class="col-mid toggle-button">
        <a class="toggleClass" name="toggle0"><img src="public/images/expand.png"/></a>
    </div>
    <div id="toggle0-collapse" class="desktop-hidden toggle-button">
        <a class="toggleClass" name="toggle0"><img src="public/images/collapse.png"/></a>
    </div>
        
        <div class="col-mid">Junit test execution for [engine:junit-jupiter]/[class:tnr.junitmetalink.MutationObserverTest]/[method:testMutation()] failed on error : Failed to decode response from marionette
Build info: version: '3.141.59', revision: 'e82be7d358', time: '2018-11-14T08:17:03'
System info: host: 'NXQLX079', ip: '192.168.0.204', os.name: 'Windows 10', os.arch: 'amd64', os.version: '10.0', java.version: '1.8.0_201'
Driver info: org.openqa.selenium.firefox.FirefoxDriver
Capabilities {acceptInsecureCerts: true, browserName: firefox, browserVersion: 69.0, javascriptEnabled: true, moz:accessibilityChecks: false, moz:buildID: 20190827005903, moz:geckodriverVersion: 0.24.0, moz:headless: false, moz:processID: 12836, moz:profile: C:\Users\dclaerhout\AppData..., moz:shutdownTimeout: 60000, moz:useNonSpecCompliantPointerOrigin: false, moz:webdriverClick: true, pageLoadStrategy: normal, platform: WINDOWS, platformName: WINDOWS, platformVersion: 10.0, rotatable: false, setWindowRect: true, strictFileInteractability: false, timeouts: {implicit: 0, pageLoad: 300000, script: 30000}, unhandledPromptBehavior: dismiss and notify}
Session ID: c644cf29-1438-4f35-af55-77228b21a476
*** Element info: {Using=xpath, value=//iframe[@id='result']}</div>
    </div>
    <div class="row">
        <div id="toggle0" class="desktop-hidden small col trace">
            <pre>
org.squashtest.ta.framework.exception.InstructionRuntimeException: Junit test execution for [engine:junit-jupiter]/[class:tnr.junitmetalink.MutationObserverTest]/[method:testMutation()] failed on error : Failed to decode response from marionette
Build info: version: &apos;3.141.59&apos;, revision: &apos;e82be7d358&apos;, time: &apos;2018-11-14T08:17:03&apos;
System info: host: &apos;NXQLX079&apos;, ip: &apos;192.168.0.204&apos;, os.name: &apos;Windows 10&apos;, os.arch: &apos;amd64&apos;, os.version: &apos;10.0&apos;, java.version: &apos;1.8.0_201&apos;
Driver info: org.openqa.selenium.firefox.FirefoxDriver
Capabilities {acceptInsecureCerts: true, browserName: firefox, browserVersion: 69.0, javascriptEnabled: true, moz:accessibilityChecks: false, moz:buildID: 20190827005903, moz:geckodriverVersion: 0.24.0, moz:headless: false, moz:processID: 12836, moz:profile: C:\Users\dclaerhout\AppData..., moz:shutdownTimeout: 60000, moz:useNonSpecCompliantPointerOrigin: false, moz:webdriverClick: true, pageLoadStrategy: normal, platform: WINDOWS, platformName: WINDOWS, platformVersion: 10.0, rotatable: false, setWindowRect: true, strictFileInteractability: false, timeouts: {implicit: 0, pageLoad: 300000, script: 30000}, unhandledPromptBehavior: dismiss and notify}
Session ID: c644cf29-1438-4f35-af55-77228b21a476
*** Element info: {Using=xpath, value=//iframe[@id=&apos;result&apos;]}
	at org.squashtest.ta.squash.ta.plugin.junit.commands.delegate.UniqueIdTestStrategy.launchSingleTargetTest(UniqueIdTestStrategy.java:80)
	at org.squashtest.ta.squash.ta.plugin.junit.commands.delegate.UniqueIdTestStrategy.executeImpl(UniqueIdTestStrategy.java:66)
	at org.squashtest.ta.squash.ta.plugin.junit.commands.delegate.ExecutionStrategy.execute(ExecutionStrategy.java:86)
	at org.squashtest.ta.squash.ta.plugin.junit.commands.ExecuteJunit5Bundle.apply(ExecuteJunit5Bundle.java:103)
	at org.squashtest.ta.squash.ta.plugin.junit.commands.ExecuteJunit5Bundle.apply(ExecuteJunit5Bundle.java:1)
	at org.squashtest.ta.backbone.engine.wrapper.CommandHandler.apply(CommandHandler.java:130)
	at org.squashtest.ta.backbone.engine.instructionrunner.DefaultExecuteCommandRunner.doRun(DefaultExecuteCommandRunner.java:79)
	at org.squashtest.ta.backbone.engine.instructionrunner.AbstractDefaultInstructionRunner.run(AbstractDefaultInstructionRunner.java:70)
	at org.squashtest.ta.backbone.engine.impl.TestRunnerImpl.runInstruction(TestRunnerImpl.java:279)
	at org.squashtest.ta.backbone.engine.impl.TestRunnerImpl.runInstructionList(TestRunnerImpl.java:224)
	at org.squashtest.ta.backbone.engine.impl.TestRunnerImpl.runPhase(TestRunnerImpl.java:212)
	at org.squashtest.ta.backbone.engine.impl.TestRunnerImpl.runTest(TestRunnerImpl.java:152)
	at org.squashtest.ta.backbone.engine.impl.EcosystemRunnerImpl.runAllTests(EcosystemRunnerImpl.java:203)
	at org.squashtest.ta.backbone.engine.impl.EcosystemRunnerImpl.run(EcosystemRunnerImpl.java:105)
	at org.squashtest.ta.backbone.engine.impl.SuiteRunnerImpl.execute(SuiteRunnerImpl.java:69)
	at org.squashtest.ta.backbone.engine.impl.EngineImpl.execute(EngineImpl.java:69)
	at org.squashtest.ta.galaxia.squash.ta.junit.runner.maven.SquashTAJunitRunnerMojo.executeImpl(SquashTAJunitRunnerMojo.java:235)
	at org.squashtest.ta.maven.AbstractSquashTaMojo.execution(AbstractSquashTaMojo.java:100)
	at org.squashtest.ta.maven.AbstractBaseSquashTaMojo.execute(AbstractBaseSquashTaMojo.java:86)
	at org.apache.maven.plugin.DefaultBuildPluginManager.executeMojo(DefaultBuildPluginManager.java:134)
	at org.apache.maven.lifecycle.internal.MojoExecutor.execute(MojoExecutor.java:208)
	at org.apache.maven.lifecycle.internal.MojoExecutor.execute(MojoExecutor.java:154)
	at org.apache.maven.lifecycle.internal.MojoExecutor.execute(MojoExecutor.java:146)
	at org.apache.maven.lifecycle.internal.LifecycleModuleBuilder.buildProject(LifecycleModuleBuilder.java:117)
	at org.apache.maven.lifecycle.internal.LifecycleModuleBuilder.buildProject(LifecycleModuleBuilder.java:81)
	at org.apache.maven.lifecycle.internal.builder.singlethreaded.SingleThreadedBuilder.build(SingleThreadedBuilder.java:51)
	at org.apache.maven.lifecycle.internal.LifecycleStarter.execute(LifecycleStarter.java:128)
	at org.apache.maven.DefaultMaven.doExecute(DefaultMaven.java:309)
	at org.apache.maven.DefaultMaven.doExecute(DefaultMaven.java:194)
	at org.apache.maven.DefaultMaven.execute(DefaultMaven.java:107)
	at org.apache.maven.cli.MavenCli.execute(MavenCli.java:993)
	at org.apache.maven.cli.MavenCli.doMain(MavenCli.java:345)
	at org.apache.maven.cli.MavenCli.main(MavenCli.java:191)
	at sun.reflect.NativeMethodAccessorImpl.invoke0(Native Method)
	at sun.reflect.NativeMethodAccessorImpl.invoke(NativeMethodAccessorImpl.java:62)
	at sun.reflect.DelegatingMethodAccessorImpl.invoke(DelegatingMethodAccessorImpl.java:43)
	at java.lang.reflect.Method.invoke(Method.java:498)
	at org.codehaus.plexus.classworlds.launcher.Launcher.launchEnhanced(Launcher.java:289)
	at org.codehaus.plexus.classworlds.launcher.Launcher.launch(Launcher.java:229)
	at org.codehaus.plexus.classworlds.launcher.Launcher.mainWithExitCode(Launcher.java:415)
	at org.codehaus.plexus.classworlds.launcher.Launcher.main(Launcher.java:356)
Caused by: org.openqa.selenium.WebDriverException: Failed to decode response from marionette
Build info: version: &apos;3.141.59&apos;, revision: &apos;e82be7d358&apos;, time: &apos;2018-11-14T08:17:03&apos;
System info: host: &apos;NXQLX079&apos;, ip: &apos;192.168.0.204&apos;, os.name: &apos;Windows 10&apos;, os.arch: &apos;amd64&apos;, os.version: &apos;10.0&apos;, java.version: &apos;1.8.0_201&apos;
Driver info: org.openqa.selenium.firefox.FirefoxDriver
Capabilities {acceptInsecureCerts: true, browserName: firefox, browserVersion: 69.0, javascriptEnabled: true, moz:accessibilityChecks: false, moz:buildID: 20190827005903, moz:geckodriverVersion: 0.24.0, moz:headless: false, moz:processID: 12836, moz:profile: C:\Users\dclaerhout\AppData..., moz:shutdownTimeout: 60000, moz:useNonSpecCompliantPointerOrigin: false, moz:webdriverClick: true, pageLoadStrategy: normal, platform: WINDOWS, platformName: WINDOWS, platformVersion: 10.0, rotatable: false, setWindowRect: true, strictFileInteractability: false, timeouts: {implicit: 0, pageLoad: 300000, script: 30000}, unhandledPromptBehavior: dismiss and notify}
Session ID: c644cf29-1438-4f35-af55-77228b21a476
*** Element info: {Using=xpath, value=//iframe[@id=&apos;result&apos;]}
	at sun.reflect.NativeConstructorAccessorImpl.newInstance0(Native Method)
	at sun.reflect.NativeConstructorAccessorImpl.newInstance(NativeConstructorAccessorImpl.java:62)
	at sun.reflect.DelegatingConstructorAccessorImpl.newInstance(DelegatingConstructorAccessorImpl.java:45)
	at java.lang.reflect.Constructor.newInstance(Constructor.java:423)
	at org.openqa.selenium.remote.http.W3CHttpResponseCodec.createException(W3CHttpResponseCodec.java:187)
	at org.openqa.selenium.remote.http.W3CHttpResponseCodec.decode(W3CHttpResponseCodec.java:122)
	at org.openqa.selenium.remote.http.W3CHttpResponseCodec.decode(W3CHttpResponseCodec.java:49)
	at org.openqa.selenium.remote.HttpCommandExecutor.execute(HttpCommandExecutor.java:158)
	at org.openqa.selenium.remote.service.DriverCommandExecutor.execute(DriverCommandExecutor.java:83)
	at org.openqa.selenium.remote.RemoteWebDriver.execute(RemoteWebDriver.java:552)
	at org.openqa.selenium.remote.RemoteWebDriver.findElement(RemoteWebDriver.java:323)
	at org.openqa.selenium.remote.RemoteWebDriver.findElementByXPath(RemoteWebDriver.java:428)
	at org.openqa.selenium.By$ByXPath.findElement(By.java:353)
	at org.openqa.selenium.remote.RemoteWebDriver.findElement(RemoteWebDriver.java:315)
	at tnr.junitmetalink.MutationObserverTest.testMutation(MutationObserverTest.java:31)
	at sun.reflect.NativeMethodAccessorImpl.invoke0(Native Method)
	at sun.reflect.NativeMethodAccessorImpl.invoke(NativeMethodAccessorImpl.java:62)
	at sun.reflect.DelegatingMethodAccessorImpl.invoke(DelegatingMethodAccessorImpl.java:43)
	at java.lang.reflect.Method.invoke(Method.java:498)
	at org.junit.platform.commons.util.ReflectionUtils.invokeMethod(ReflectionUtils.java:532)
	at org.junit.jupiter.engine.execution.ExecutableInvoker.invoke(ExecutableInvoker.java:115)
	at org.junit.jupiter.engine.descriptor.TestMethodTestDescriptor.lambda$invokeTestMethod$6(TestMethodTestDescriptor.java:171)
	at org.junit.platform.engine.support.hierarchical.ThrowableCollector.execute(ThrowableCollector.java:72)
	at org.junit.jupiter.engine.descriptor.TestMethodTestDescriptor.invokeTestMethod(TestMethodTestDescriptor.java:167)
	at org.junit.jupiter.engine.descriptor.TestMethodTestDescriptor.execute(TestMethodTestDescriptor.java:114)
	at org.junit.jupiter.engine.descriptor.TestMethodTestDescriptor.execute(TestMethodTestDescriptor.java:59)
	at org.junit.platform.engine.support.hierarchical.NodeTestTask.lambda$executeRecursively$4(NodeTestTask.java:108)
	at org.junit.platform.engine.support.hierarchical.ThrowableCollector.execute(ThrowableCollector.java:72)
	at org.junit.platform.engine.support.hierarchical.NodeTestTask.executeRecursively(NodeTestTask.java:98)
	at org.junit.platform.engine.support.hierarchical.NodeTestTask.execute(NodeTestTask.java:74)
	at java.util.ArrayList.forEach(ArrayList.java:1257)
	at org.junit.platform.engine.support.hierarchical.SameThreadHierarchicalTestExecutorService.invokeAll(SameThreadHierarchicalTestExecutorService.java:38)
	at org.junit.platform.engine.support.hierarchical.NodeTestTask.lambda$executeRecursively$4(NodeTestTask.java:112)
	at org.junit.platform.engine.support.hierarchical.ThrowableCollector.execute(ThrowableCollector.java:72)
	at org.junit.platform.engine.support.hierarchical.NodeTestTask.executeRecursively(NodeTestTask.java:98)
	at org.junit.platform.engine.support.hierarchical.NodeTestTask.execute(NodeTestTask.java:74)
	at java.util.ArrayList.forEach(ArrayList.java:1257)
	at org.junit.platform.engine.support.hierarchical.SameThreadHierarchicalTestExecutorService.invokeAll(SameThreadHierarchicalTestExecutorService.java:38)
	at org.junit.platform.engine.support.hierarchical.NodeTestTask.lambda$executeRecursively$4(NodeTestTask.java:112)
	at org.junit.platform.engine.support.hierarchical.ThrowableCollector.execute(ThrowableCollector.java:72)
	at org.junit.platform.engine.support.hierarchical.NodeTestTask.executeRecursively(NodeTestTask.java:98)
	at org.junit.platform.engine.support.hierarchical.NodeTestTask.execute(NodeTestTask.java:74)
	at org.junit.platform.engine.support.hierarchical.SameThreadHierarchicalTestExecutorService.submit(SameThreadHierarchicalTestExecutorService.java:32)
	at org.junit.platform.engine.support.hierarchical.HierarchicalTestExecutor.execute(HierarchicalTestExecutor.java:57)
	at org.junit.platform.engine.support.hierarchical.HierarchicalTestEngine.execute(HierarchicalTestEngine.java:51)
	at org.junit.platform.launcher.core.DefaultLauncher.execute(DefaultLauncher.java:220)
	at org.junit.platform.launcher.core.DefaultLauncher.lambda$execute$6(DefaultLauncher.java:188)
	at org.junit.platform.launcher.core.DefaultLauncher.withInterceptedStreams(DefaultLauncher.java:202)
	at org.junit.platform.launcher.core.DefaultLauncher.execute(DefaultLauncher.java:181)
	at org.junit.platform.launcher.core.DefaultLauncher.execute(DefaultLauncher.java:128)
	at org.squashtest.ta.squash.ta.plugin.junit.library.context.Junit5UniqueIdExecution.perform(Junit5UniqueIdExecution.java:43)
	at org.squashtest.ta.squash.ta.plugin.junit.library.context.Junit5UniqueIdExecution.perform(Junit5UniqueIdExecution.java:1)
	at org.squashtest.ta.squash.ta.plugin.junit.library.context.Junit5ContextImpl.doInClassloadingFirewall(Junit5ContextImpl.java:85)
	at org.squashtest.ta.squash.ta.plugin.junit.library.context.Junit5ContextImpl.launch(Junit5ContextImpl.java:50)
	at org.squashtest.ta.squash.ta.plugin.junit.commands.delegate.UniqueIdTestStrategy.launchSingleTargetTest(UniqueIdTestStrategy.java:78)
	... 40 more
	Suppressed: org.openqa.selenium.NoSuchSessionException: Tried to run command without establishing a connection
Build info: version: &apos;3.141.59&apos;, revision: &apos;e82be7d358&apos;, time: &apos;2018-11-14T08:17:03&apos;
System info: host: &apos;NXQLX079&apos;, ip: &apos;192.168.0.204&apos;, os.name: &apos;Windows 10&apos;, os.arch: &apos;amd64&apos;, os.version: &apos;10.0&apos;, java.version: &apos;1.8.0_201&apos;
Driver info: org.openqa.selenium.firefox.FirefoxDriver
Capabilities {acceptInsecureCerts: true, browserName: firefox, browserVersion: 69.0, javascriptEnabled: true, moz:accessibilityChecks: false, moz:buildID: 20190827005903, moz:geckodriverVersion: 0.24.0, moz:headless: false, moz:processID: 12836, moz:profile: C:\Users\dclaerhout\AppData..., moz:shutdownTimeout: 60000, moz:useNonSpecCompliantPointerOrigin: false, moz:webdriverClick: true, pageLoadStrategy: normal, platform: WINDOWS, platformName: WINDOWS, platformVersion: 10.0, rotatable: false, setWindowRect: true, strictFileInteractability: false, timeouts: {implicit: 0, pageLoad: 300000, script: 30000}, unhandledPromptBehavior: dismiss and notify}
Session ID: c644cf29-1438-4f35-af55-77228b21a476
		at sun.reflect.NativeConstructorAccessorImpl.newInstance0(Native Method)
		at sun.reflect.NativeConstructorAccessorImpl.newInstance(NativeConstructorAccessorImpl.java:62)
		at sun.reflect.DelegatingConstructorAccessorImpl.newInstance(DelegatingConstructorAccessorImpl.java:45)
		at java.lang.reflect.Constructor.newInstance(Constructor.java:423)
		at org.openqa.selenium.remote.http.W3CHttpResponseCodec.createException(W3CHttpResponseCodec.java:187)
		at org.openqa.selenium.remote.http.W3CHttpResponseCodec.decode(W3CHttpResponseCodec.java:122)
		at org.openqa.selenium.remote.http.W3CHttpResponseCodec.decode(W3CHttpResponseCodec.java:49)
		at org.openqa.selenium.remote.HttpCommandExecutor.execute(HttpCommandExecutor.java:158)
		at org.openqa.selenium.remote.service.DriverCommandExecutor.execute(DriverCommandExecutor.java:83)
		at org.openqa.selenium.remote.RemoteWebDriver.execute(RemoteWebDriver.java:552)
		at org.openqa.selenium.remote.RemoteWebDriver.execute(RemoteWebDriver.java:609)
		at org.openqa.selenium.remote.RemoteWebDriver.quit(RemoteWebDriver.java:452)
		at tnr.junitmetalink.MutationObserverTest.tearDown(MutationObserverTest.java:42)
		at sun.reflect.NativeMethodAccessorImpl.invoke0(Native Method)
		at sun.reflect.NativeMethodAccessorImpl.invoke(NativeMethodAccessorImpl.java:62)
		at sun.reflect.DelegatingMethodAccessorImpl.invoke(DelegatingMethodAccessorImpl.java:43)
		at java.lang.reflect.Method.invoke(Method.java:498)
		at org.junit.platform.commons.util.ReflectionUtils.invokeMethod(ReflectionUtils.java:532)
		at org.junit.jupiter.engine.execution.ExecutableInvoker.invoke(ExecutableInvoker.java:115)
		at org.junit.jupiter.engine.descriptor.ClassTestDescriptor.invokeMethodInExtensionContext(ClassTestDescriptor.java:436)
		at org.junit.jupiter.engine.descriptor.ClassTestDescriptor.lambda$synthesizeAfterEachMethodAdapter$15(ClassTestDescriptor.java:428)
		at org.junit.jupiter.engine.descriptor.TestMethodTestDescriptor.lambda$invokeAfterEachMethods$9(TestMethodTestDescriptor.java:212)
		at org.junit.platform.engine.support.hierarchical.ThrowableCollector.execute(ThrowableCollector.java:72)
		at org.junit.jupiter.engine.descriptor.TestMethodTestDescriptor.lambda$invokeAllAfterMethodsOrCallbacks$13(TestMethodTestDescriptor.java:230)
		at java.util.ArrayList.forEach(ArrayList.java:1257)
		at org.junit.jupiter.engine.descriptor.TestMethodTestDescriptor.invokeAllAfterMethodsOrCallbacks(TestMethodTestDescriptor.java:228)
		at org.junit.jupiter.engine.descriptor.TestMethodTestDescriptor.invokeAfterEachMethods(TestMethodTestDescriptor.java:211)
		at org.junit.jupiter.engine.descriptor.TestMethodTestDescriptor.execute(TestMethodTestDescriptor.java:118)
		... 70 more

            </pre>
        </div>
    </div>
                </div>
        </td>
        <td class="txtcenter instruction-line">
            0
        </td>
    </tr>
    <tr class="a">
        <td class="center status">
        <img src="public/images/Circle_Grey.png" />
        </td>
        <td class="table-inner-content" colspan="2">
            <div class="col">Checking test was successful</div>
        </td>
        <td class="txtcenter instruction-line">
            0
        </td>
    </tr>
                    
                </tbody>
            </table>
            <br/>
        </div>
    </div>
    <div class="script-link">
        <a href="#header">[Back to top]</a>&nbsp;<a href="#maven.test.bundle.tnr.junitmetalink.MutationObserverTest">[Back to maven.test.bundle.tnr.junitmetalink.MutationObserverTest]</a>
    </div>
    
    </div>
                </div>
                <div class="ecosystem">
    <div class="ecosystem-header">
        <h2>
            <a id="maven.test.bundle.tnr.junitmetalink.AnimatedMenuTest"></a>        <img src="public/images/Circle_Red.png" />
maven.test.bundle.tnr.junitmetalink.AnimatedMenuTest
        </h2>
    </div>
    <div class="ecosystem-body">
        <div class="ecosystem-summary">
            <table class="w100 striped">
                <thead>
                    <tr class="table-header">
                        <th colspan="2">Script</th>
                        <th class="w10">Status</th>
                        <th class="w10">Time (s)</th>
                    </tr>
                </thead>
                <tbody>
    <tr>
        <td class="center status"><a href="#maven.test.bundle.tnr.junitmetalink.AnimatedMenuTest_tnr.junitmetalink.AnimatedMenuTest.MenuBlog">         <img src="public/images/Circle_Red.png" />
 </a></td>
        <td>
                <a href="#maven.test.bundle.tnr.junitmetalink.AnimatedMenuTest_tnr.junitmetalink.AnimatedMenuTest.MenuBlog">tnr.junitmetalink.AnimatedMenuTest.MenuBlog</a>
        </td>
        <td>        Error
</td>
        <td>
                4,64
        </td>
    </tr>
    <tr>
        <td class="center status"><a href="#maven.test.bundle.tnr.junitmetalink.AnimatedMenuTest_tnr.junitmetalink.AnimatedMenuTest.MenuTestimonials">         <img src="public/images/Circle_Red.png" />
 </a></td>
        <td>
                <a href="#maven.test.bundle.tnr.junitmetalink.AnimatedMenuTest_tnr.junitmetalink.AnimatedMenuTest.MenuTestimonials">tnr.junitmetalink.AnimatedMenuTest.MenuTestimonials</a>
        </td>
        <td>        Error
</td>
        <td>
                4,344
        </td>
    </tr>
                </tbody>
            </table>
            <div class="script-link">
                <a href="#header">[Back to top]</a>
            </div>
        </div>    <div class="script">
        <div class="script-header">
            <h3>
                        <img src="public/images/Circle_Red.png" />
<a id="maven.test.bundle.tnr.junitmetalink.AnimatedMenuTest_tnr.junitmetalink.AnimatedMenuTest.MenuBlog"></a> tnr.junitmetalink.AnimatedMenuTest.MenuBlog
            </h3>
        </div>
        <div class="script-content">
    
            <div class="note">
                <span>Status:&nbsp;</span>        Error
<br/>
                <span>Time (s):&nbsp;</span>4,64
            </div>
    
            <table class="w100 striped">
                <thead>
                    <tr class="table-header">
                        <th class="status"></th>
                        <th colspan="2" class="big">Test steps</th>
                        <th class="w50p txtcenter">Line</th>
                    </tr>
                </thead>
                <tbody>
                
                        <tr>
                            <td colspan="1"/>
                            <td colspan="3"><strong>TEST :</strong></td>
                        </tr>
    <tr class="a">
        <td class="center status">
        <img src="public/images/Circle_Green.png" />
        </td>
        <td class="table-inner-content" colspan="2">
            <div class="col">Defining test case : &quot;MenuBlog&quot; from &quot;tnr.junitmetalink.AnimatedMenuTest&quot; whith unique id &quot;[engine:junit-jupiter]/[class:tnr.junitmetalink.AnimatedMenuTest]/[method:testMenuBlog()]&quot;</div>
        </td>
        <td class="txtcenter instruction-line">
            0
        </td>
    </tr>
    <tr class="a">
        <td class="center status">
        <img src="public/images/Circle_Red.png" />
        </td>
        <td class="table-inner-content" colspan="2">
                <div class="col">Running MenuBlog from tnr.junitmetalink.AnimatedMenuTest</div>
                <div class="stack">
    <div class="row">
    <div id="toggle1-expand" class="col-mid toggle-button">
        <a class="toggleClass" name="toggle1"><img src="public/images/expand.png"/></a>
    </div>
    <div id="toggle1-collapse" class="desktop-hidden toggle-button">
        <a class="toggleClass" name="toggle1"><img src="public/images/collapse.png"/></a>
    </div>
        
        <div class="col-mid">Junit test execution for [engine:junit-jupiter]/[class:tnr.junitmetalink.AnimatedMenuTest]/[method:testMenuBlog()] failed on error : Failed to decode response from marionette
Build info: version: '3.141.59', revision: 'e82be7d358', time: '2018-11-14T08:17:03'
System info: host: 'NXQLX079', ip: '192.168.0.204', os.name: 'Windows 10', os.arch: 'amd64', os.version: '10.0', java.version: '1.8.0_201'
Driver info: org.openqa.selenium.firefox.FirefoxDriver
Capabilities {acceptInsecureCerts: true, browserName: firefox, browserVersion: 69.0, javascriptEnabled: true, moz:accessibilityChecks: false, moz:buildID: 20190827005903, moz:geckodriverVersion: 0.24.0, moz:headless: false, moz:processID: 8736, moz:profile: C:\Users\dclaerhout\AppData..., moz:shutdownTimeout: 60000, moz:useNonSpecCompliantPointerOrigin: false, moz:webdriverClick: true, pageLoadStrategy: normal, platform: WINDOWS, platformName: WINDOWS, platformVersion: 10.0, rotatable: false, setWindowRect: true, strictFileInteractability: false, timeouts: {implicit: 0, pageLoad: 300000, script: 30000}, unhandledPromptBehavior: dismiss and notify}
Session ID: c6a562a8-5207-4630-bb60-506d46aadaaa
*** Element info: {Using=xpath, value=//iframe[@id='result']}</div>
    </div>
    <div class="row">
        <div id="toggle1" class="desktop-hidden small col trace">
            <pre>
org.squashtest.ta.framework.exception.InstructionRuntimeException: Junit test execution for [engine:junit-jupiter]/[class:tnr.junitmetalink.AnimatedMenuTest]/[method:testMenuBlog()] failed on error : Failed to decode response from marionette
Build info: version: &apos;3.141.59&apos;, revision: &apos;e82be7d358&apos;, time: &apos;2018-11-14T08:17:03&apos;
System info: host: &apos;NXQLX079&apos;, ip: &apos;192.168.0.204&apos;, os.name: &apos;Windows 10&apos;, os.arch: &apos;amd64&apos;, os.version: &apos;10.0&apos;, java.version: &apos;1.8.0_201&apos;
Driver info: org.openqa.selenium.firefox.FirefoxDriver
Capabilities {acceptInsecureCerts: true, browserName: firefox, browserVersion: 69.0, javascriptEnabled: true, moz:accessibilityChecks: false, moz:buildID: 20190827005903, moz:geckodriverVersion: 0.24.0, moz:headless: false, moz:processID: 8736, moz:profile: C:\Users\dclaerhout\AppData..., moz:shutdownTimeout: 60000, moz:useNonSpecCompliantPointerOrigin: false, moz:webdriverClick: true, pageLoadStrategy: normal, platform: WINDOWS, platformName: WINDOWS, platformVersion: 10.0, rotatable: false, setWindowRect: true, strictFileInteractability: false, timeouts: {implicit: 0, pageLoad: 300000, script: 30000}, unhandledPromptBehavior: dismiss and notify}
Session ID: c6a562a8-5207-4630-bb60-506d46aadaaa
*** Element info: {Using=xpath, value=//iframe[@id=&apos;result&apos;]}
	at org.squashtest.ta.squash.ta.plugin.junit.commands.delegate.UniqueIdTestStrategy.launchSingleTargetTest(UniqueIdTestStrategy.java:80)
	at org.squashtest.ta.squash.ta.plugin.junit.commands.delegate.UniqueIdTestStrategy.executeImpl(UniqueIdTestStrategy.java:66)
	at org.squashtest.ta.squash.ta.plugin.junit.commands.delegate.ExecutionStrategy.execute(ExecutionStrategy.java:86)
	at org.squashtest.ta.squash.ta.plugin.junit.commands.ExecuteJunit5Bundle.apply(ExecuteJunit5Bundle.java:103)
	at org.squashtest.ta.squash.ta.plugin.junit.commands.ExecuteJunit5Bundle.apply(ExecuteJunit5Bundle.java:1)
	at org.squashtest.ta.backbone.engine.wrapper.CommandHandler.apply(CommandHandler.java:130)
	at org.squashtest.ta.backbone.engine.instructionrunner.DefaultExecuteCommandRunner.doRun(DefaultExecuteCommandRunner.java:79)
	at org.squashtest.ta.backbone.engine.instructionrunner.AbstractDefaultInstructionRunner.run(AbstractDefaultInstructionRunner.java:70)
	at org.squashtest.ta.backbone.engine.impl.TestRunnerImpl.runInstruction(TestRunnerImpl.java:279)
	at org.squashtest.ta.backbone.engine.impl.TestRunnerImpl.runInstructionList(TestRunnerImpl.java:224)
	at org.squashtest.ta.backbone.engine.impl.TestRunnerImpl.runPhase(TestRunnerImpl.java:212)
	at org.squashtest.ta.backbone.engine.impl.TestRunnerImpl.runTest(TestRunnerImpl.java:152)
	at org.squashtest.ta.backbone.engine.impl.EcosystemRunnerImpl.runAllTests(EcosystemRunnerImpl.java:203)
	at org.squashtest.ta.backbone.engine.impl.EcosystemRunnerImpl.run(EcosystemRunnerImpl.java:105)
	at org.squashtest.ta.backbone.engine.impl.SuiteRunnerImpl.execute(SuiteRunnerImpl.java:69)
	at org.squashtest.ta.backbone.engine.impl.EngineImpl.execute(EngineImpl.java:69)
	at org.squashtest.ta.galaxia.squash.ta.junit.runner.maven.SquashTAJunitRunnerMojo.executeImpl(SquashTAJunitRunnerMojo.java:235)
	at org.squashtest.ta.maven.AbstractSquashTaMojo.execution(AbstractSquashTaMojo.java:100)
	at org.squashtest.ta.maven.AbstractBaseSquashTaMojo.execute(AbstractBaseSquashTaMojo.java:86)
	at org.apache.maven.plugin.DefaultBuildPluginManager.executeMojo(DefaultBuildPluginManager.java:134)
	at org.apache.maven.lifecycle.internal.MojoExecutor.execute(MojoExecutor.java:208)
	at org.apache.maven.lifecycle.internal.MojoExecutor.execute(MojoExecutor.java:154)
	at org.apache.maven.lifecycle.internal.MojoExecutor.execute(MojoExecutor.java:146)
	at org.apache.maven.lifecycle.internal.LifecycleModuleBuilder.buildProject(LifecycleModuleBuilder.java:117)
	at org.apache.maven.lifecycle.internal.LifecycleModuleBuilder.buildProject(LifecycleModuleBuilder.java:81)
	at org.apache.maven.lifecycle.internal.builder.singlethreaded.SingleThreadedBuilder.build(SingleThreadedBuilder.java:51)
	at org.apache.maven.lifecycle.internal.LifecycleStarter.execute(LifecycleStarter.java:128)
	at org.apache.maven.DefaultMaven.doExecute(DefaultMaven.java:309)
	at org.apache.maven.DefaultMaven.doExecute(DefaultMaven.java:194)
	at org.apache.maven.DefaultMaven.execute(DefaultMaven.java:107)
	at org.apache.maven.cli.MavenCli.execute(MavenCli.java:993)
	at org.apache.maven.cli.MavenCli.doMain(MavenCli.java:345)
	at org.apache.maven.cli.MavenCli.main(MavenCli.java:191)
	at sun.reflect.NativeMethodAccessorImpl.invoke0(Native Method)
	at sun.reflect.NativeMethodAccessorImpl.invoke(NativeMethodAccessorImpl.java:62)
	at sun.reflect.DelegatingMethodAccessorImpl.invoke(DelegatingMethodAccessorImpl.java:43)
	at java.lang.reflect.Method.invoke(Method.java:498)
	at org.codehaus.plexus.classworlds.launcher.Launcher.launchEnhanced(Launcher.java:289)
	at org.codehaus.plexus.classworlds.launcher.Launcher.launch(Launcher.java:229)
	at org.codehaus.plexus.classworlds.launcher.Launcher.mainWithExitCode(Launcher.java:415)
	at org.codehaus.plexus.classworlds.launcher.Launcher.main(Launcher.java:356)
Caused by: org.openqa.selenium.WebDriverException: Failed to decode response from marionette
Build info: version: &apos;3.141.59&apos;, revision: &apos;e82be7d358&apos;, time: &apos;2018-11-14T08:17:03&apos;
System info: host: &apos;NXQLX079&apos;, ip: &apos;192.168.0.204&apos;, os.name: &apos;Windows 10&apos;, os.arch: &apos;amd64&apos;, os.version: &apos;10.0&apos;, java.version: &apos;1.8.0_201&apos;
Driver info: org.openqa.selenium.firefox.FirefoxDriver
Capabilities {acceptInsecureCerts: true, browserName: firefox, browserVersion: 69.0, javascriptEnabled: true, moz:accessibilityChecks: false, moz:buildID: 20190827005903, moz:geckodriverVersion: 0.24.0, moz:headless: false, moz:processID: 8736, moz:profile: C:\Users\dclaerhout\AppData..., moz:shutdownTimeout: 60000, moz:useNonSpecCompliantPointerOrigin: false, moz:webdriverClick: true, pageLoadStrategy: normal, platform: WINDOWS, platformName: WINDOWS, platformVersion: 10.0, rotatable: false, setWindowRect: true, strictFileInteractability: false, timeouts: {implicit: 0, pageLoad: 300000, script: 30000}, unhandledPromptBehavior: dismiss and notify}
Session ID: c6a562a8-5207-4630-bb60-506d46aadaaa
*** Element info: {Using=xpath, value=//iframe[@id=&apos;result&apos;]}
	at sun.reflect.NativeConstructorAccessorImpl.newInstance0(Native Method)
	at sun.reflect.NativeConstructorAccessorImpl.newInstance(NativeConstructorAccessorImpl.java:62)
	at sun.reflect.DelegatingConstructorAccessorImpl.newInstance(DelegatingConstructorAccessorImpl.java:45)
	at java.lang.reflect.Constructor.newInstance(Constructor.java:423)
	at org.openqa.selenium.remote.http.W3CHttpResponseCodec.createException(W3CHttpResponseCodec.java:187)
	at org.openqa.selenium.remote.http.W3CHttpResponseCodec.decode(W3CHttpResponseCodec.java:122)
	at org.openqa.selenium.remote.http.W3CHttpResponseCodec.decode(W3CHttpResponseCodec.java:49)
	at org.openqa.selenium.remote.HttpCommandExecutor.execute(HttpCommandExecutor.java:158)
	at org.openqa.selenium.remote.service.DriverCommandExecutor.execute(DriverCommandExecutor.java:83)
	at org.openqa.selenium.remote.RemoteWebDriver.execute(RemoteWebDriver.java:552)
	at org.openqa.selenium.remote.RemoteWebDriver.findElement(RemoteWebDriver.java:323)
	at org.openqa.selenium.remote.RemoteWebDriver.findElementByXPath(RemoteWebDriver.java:428)
	at org.openqa.selenium.By$ByXPath.findElement(By.java:353)
	at org.openqa.selenium.remote.RemoteWebDriver.findElement(RemoteWebDriver.java:315)
	at tnr.junitmetalink.AnimatedMenuTest.testMenuBlog(AnimatedMenuTest.java:41)
	at sun.reflect.NativeMethodAccessorImpl.invoke0(Native Method)
	at sun.reflect.NativeMethodAccessorImpl.invoke(NativeMethodAccessorImpl.java:62)
	at sun.reflect.DelegatingMethodAccessorImpl.invoke(DelegatingMethodAccessorImpl.java:43)
	at java.lang.reflect.Method.invoke(Method.java:498)
	at org.junit.platform.commons.util.ReflectionUtils.invokeMethod(ReflectionUtils.java:532)
	at org.junit.jupiter.engine.execution.ExecutableInvoker.invoke(ExecutableInvoker.java:115)
	at org.junit.jupiter.engine.descriptor.TestMethodTestDescriptor.lambda$invokeTestMethod$6(TestMethodTestDescriptor.java:171)
	at org.junit.platform.engine.support.hierarchical.ThrowableCollector.execute(ThrowableCollector.java:72)
	at org.junit.jupiter.engine.descriptor.TestMethodTestDescriptor.invokeTestMethod(TestMethodTestDescriptor.java:167)
	at org.junit.jupiter.engine.descriptor.TestMethodTestDescriptor.execute(TestMethodTestDescriptor.java:114)
	at org.junit.jupiter.engine.descriptor.TestMethodTestDescriptor.execute(TestMethodTestDescriptor.java:59)
	at org.junit.platform.engine.support.hierarchical.NodeTestTask.lambda$executeRecursively$4(NodeTestTask.java:108)
	at org.junit.platform.engine.support.hierarchical.ThrowableCollector.execute(ThrowableCollector.java:72)
	at org.junit.platform.engine.support.hierarchical.NodeTestTask.executeRecursively(NodeTestTask.java:98)
	at org.junit.platform.engine.support.hierarchical.NodeTestTask.execute(NodeTestTask.java:74)
	at java.util.ArrayList.forEach(ArrayList.java:1257)
	at org.junit.platform.engine.support.hierarchical.SameThreadHierarchicalTestExecutorService.invokeAll(SameThreadHierarchicalTestExecutorService.java:38)
	at org.junit.platform.engine.support.hierarchical.NodeTestTask.lambda$executeRecursively$4(NodeTestTask.java:112)
	at org.junit.platform.engine.support.hierarchical.ThrowableCollector.execute(ThrowableCollector.java:72)
	at org.junit.platform.engine.support.hierarchical.NodeTestTask.executeRecursively(NodeTestTask.java:98)
	at org.junit.platform.engine.support.hierarchical.NodeTestTask.execute(NodeTestTask.java:74)
	at java.util.ArrayList.forEach(ArrayList.java:1257)
	at org.junit.platform.engine.support.hierarchical.SameThreadHierarchicalTestExecutorService.invokeAll(SameThreadHierarchicalTestExecutorService.java:38)
	at org.junit.platform.engine.support.hierarchical.NodeTestTask.lambda$executeRecursively$4(NodeTestTask.java:112)
	at org.junit.platform.engine.support.hierarchical.ThrowableCollector.execute(ThrowableCollector.java:72)
	at org.junit.platform.engine.support.hierarchical.NodeTestTask.executeRecursively(NodeTestTask.java:98)
	at org.junit.platform.engine.support.hierarchical.NodeTestTask.execute(NodeTestTask.java:74)
	at org.junit.platform.engine.support.hierarchical.SameThreadHierarchicalTestExecutorService.submit(SameThreadHierarchicalTestExecutorService.java:32)
	at org.junit.platform.engine.support.hierarchical.HierarchicalTestExecutor.execute(HierarchicalTestExecutor.java:57)
	at org.junit.platform.engine.support.hierarchical.HierarchicalTestEngine.execute(HierarchicalTestEngine.java:51)
	at org.junit.platform.launcher.core.DefaultLauncher.execute(DefaultLauncher.java:220)
	at org.junit.platform.launcher.core.DefaultLauncher.lambda$execute$6(DefaultLauncher.java:188)
	at org.junit.platform.launcher.core.DefaultLauncher.withInterceptedStreams(DefaultLauncher.java:202)
	at org.junit.platform.launcher.core.DefaultLauncher.execute(DefaultLauncher.java:181)
	at org.junit.platform.launcher.core.DefaultLauncher.execute(DefaultLauncher.java:128)
	at org.squashtest.ta.squash.ta.plugin.junit.library.context.Junit5UniqueIdExecution.perform(Junit5UniqueIdExecution.java:43)
	at org.squashtest.ta.squash.ta.plugin.junit.library.context.Junit5UniqueIdExecution.perform(Junit5UniqueIdExecution.java:1)
	at org.squashtest.ta.squash.ta.plugin.junit.library.context.Junit5ContextImpl.doInClassloadingFirewall(Junit5ContextImpl.java:85)
	at org.squashtest.ta.squash.ta.plugin.junit.library.context.Junit5ContextImpl.launch(Junit5ContextImpl.java:50)
	at org.squashtest.ta.squash.ta.plugin.junit.commands.delegate.UniqueIdTestStrategy.launchSingleTargetTest(UniqueIdTestStrategy.java:78)
	... 40 more

            </pre>
        </div>
    </div>
                </div>
        </td>
        <td class="txtcenter instruction-line">
            0
        </td>
    </tr>
    <tr class="a">
        <td class="center status">
        <img src="public/images/Circle_Grey.png" />
        </td>
        <td class="table-inner-content" colspan="2">
            <div class="col">Checking test was successful</div>
        </td>
        <td class="txtcenter instruction-line">
            0
        </td>
    </tr>
                    
                </tbody>
            </table>
            <br/>
        </div>
    </div>
    <div class="script-link">
        <a href="#header">[Back to top]</a>&nbsp;<a href="#maven.test.bundle.tnr.junitmetalink.AnimatedMenuTest">[Back to maven.test.bundle.tnr.junitmetalink.AnimatedMenuTest]</a>
    </div>
    
    <div class="script">
        <div class="script-header">
            <h3>
                        <img src="public/images/Circle_Red.png" />
<a id="maven.test.bundle.tnr.junitmetalink.AnimatedMenuTest_tnr.junitmetalink.AnimatedMenuTest.MenuTestimonials"></a> tnr.junitmetalink.AnimatedMenuTest.MenuTestimonials
            </h3>
        </div>
        <div class="script-content">
    
            <div class="note">
                <span>Status:&nbsp;</span>        Error
<br/>
                <span>Time (s):&nbsp;</span>4,344
            </div>
    
            <table class="w100 striped">
                <thead>
                    <tr class="table-header">
                        <th class="status"></th>
                        <th colspan="2" class="big">Test steps</th>
                        <th class="w50p txtcenter">Line</th>
                    </tr>
                </thead>
                <tbody>
                
                        <tr>
                            <td colspan="1"/>
                            <td colspan="3"><strong>TEST :</strong></td>
                        </tr>
    <tr class="a">
        <td class="center status">
        <img src="public/images/Circle_Green.png" />
        </td>
        <td class="table-inner-content" colspan="2">
            <div class="col">Defining test case : &quot;MenuTestimonials&quot; from &quot;tnr.junitmetalink.AnimatedMenuTest&quot; whith unique id &quot;[engine:junit-jupiter]/[class:tnr.junitmetalink.AnimatedMenuTest]/[method:testMenuTestimonials()]&quot;</div>
        </td>
        <td class="txtcenter instruction-line">
            0
        </td>
    </tr>
    <tr class="a">
        <td class="center status">
        <img src="public/images/Circle_Red.png" />
        </td>
        <td class="table-inner-content" colspan="2">
                <div class="col">Running MenuTestimonials from tnr.junitmetalink.AnimatedMenuTest</div>
                <div class="stack">
    <div class="row">
    <div id="toggle2-expand" class="col-mid toggle-button">
        <a class="toggleClass" name="toggle2"><img src="public/images/expand.png"/></a>
    </div>
    <div id="toggle2-collapse" class="desktop-hidden toggle-button">
        <a class="toggleClass" name="toggle2"><img src="public/images/collapse.png"/></a>
    </div>
        
        <div class="col-mid">Junit test execution for [engine:junit-jupiter]/[class:tnr.junitmetalink.AnimatedMenuTest]/[method:testMenuTestimonials()] failed on error : Failed to decode response from marionette
Build info: version: '3.141.59', revision: 'e82be7d358', time: '2018-11-14T08:17:03'
System info: host: 'NXQLX079', ip: '192.168.0.204', os.name: 'Windows 10', os.arch: 'amd64', os.version: '10.0', java.version: '1.8.0_201'
Driver info: org.openqa.selenium.firefox.FirefoxDriver
Capabilities {acceptInsecureCerts: true, browserName: firefox, browserVersion: 69.0, javascriptEnabled: true, moz:accessibilityChecks: false, moz:buildID: 20190827005903, moz:geckodriverVersion: 0.24.0, moz:headless: false, moz:processID: 2924, moz:profile: C:\Users\dclaerhout\AppData..., moz:shutdownTimeout: 60000, moz:useNonSpecCompliantPointerOrigin: false, moz:webdriverClick: true, pageLoadStrategy: normal, platform: WINDOWS, platformName: WINDOWS, platformVersion: 10.0, rotatable: false, setWindowRect: true, strictFileInteractability: false, timeouts: {implicit: 0, pageLoad: 300000, script: 30000}, unhandledPromptBehavior: dismiss and notify}
Session ID: 84bae188-3771-4093-b745-6ea747c86b39
*** Element info: {Using=xpath, value=//iframe[@id='result']}</div>
    </div>
    <div class="row">
        <div id="toggle2" class="desktop-hidden small col trace">
            <pre>
org.squashtest.ta.framework.exception.InstructionRuntimeException: Junit test execution for [engine:junit-jupiter]/[class:tnr.junitmetalink.AnimatedMenuTest]/[method:testMenuTestimonials()] failed on error : Failed to decode response from marionette
Build info: version: &apos;3.141.59&apos;, revision: &apos;e82be7d358&apos;, time: &apos;2018-11-14T08:17:03&apos;
System info: host: &apos;NXQLX079&apos;, ip: &apos;192.168.0.204&apos;, os.name: &apos;Windows 10&apos;, os.arch: &apos;amd64&apos;, os.version: &apos;10.0&apos;, java.version: &apos;1.8.0_201&apos;
Driver info: org.openqa.selenium.firefox.FirefoxDriver
Capabilities {acceptInsecureCerts: true, browserName: firefox, browserVersion: 69.0, javascriptEnabled: true, moz:accessibilityChecks: false, moz:buildID: 20190827005903, moz:geckodriverVersion: 0.24.0, moz:headless: false, moz:processID: 2924, moz:profile: C:\Users\dclaerhout\AppData..., moz:shutdownTimeout: 60000, moz:useNonSpecCompliantPointerOrigin: false, moz:webdriverClick: true, pageLoadStrategy: normal, platform: WINDOWS, platformName: WINDOWS, platformVersion: 10.0, rotatable: false, setWindowRect: true, strictFileInteractability: false, timeouts: {implicit: 0, pageLoad: 300000, script: 30000}, unhandledPromptBehavior: dismiss and notify}
Session ID: 84bae188-3771-4093-b745-6ea747c86b39
*** Element info: {Using=xpath, value=//iframe[@id=&apos;result&apos;]}
	at org.squashtest.ta.squash.ta.plugin.junit.commands.delegate.UniqueIdTestStrategy.launchSingleTargetTest(UniqueIdTestStrategy.java:80)
	at org.squashtest.ta.squash.ta.plugin.junit.commands.delegate.UniqueIdTestStrategy.executeImpl(UniqueIdTestStrategy.java:66)
	at org.squashtest.ta.squash.ta.plugin.junit.commands.delegate.ExecutionStrategy.execute(ExecutionStrategy.java:86)
	at org.squashtest.ta.squash.ta.plugin.junit.commands.ExecuteJunit5Bundle.apply(ExecuteJunit5Bundle.java:103)
	at org.squashtest.ta.squash.ta.plugin.junit.commands.ExecuteJunit5Bundle.apply(ExecuteJunit5Bundle.java:1)
	at org.squashtest.ta.backbone.engine.wrapper.CommandHandler.apply(CommandHandler.java:130)
	at org.squashtest.ta.backbone.engine.instructionrunner.DefaultExecuteCommandRunner.doRun(DefaultExecuteCommandRunner.java:79)
	at org.squashtest.ta.backbone.engine.instructionrunner.AbstractDefaultInstructionRunner.run(AbstractDefaultInstructionRunner.java:70)
	at org.squashtest.ta.backbone.engine.impl.TestRunnerImpl.runInstruction(TestRunnerImpl.java:279)
	at org.squashtest.ta.backbone.engine.impl.TestRunnerImpl.runInstructionList(TestRunnerImpl.java:224)
	at org.squashtest.ta.backbone.engine.impl.TestRunnerImpl.runPhase(TestRunnerImpl.java:212)
	at org.squashtest.ta.backbone.engine.impl.TestRunnerImpl.runTest(TestRunnerImpl.java:152)
	at org.squashtest.ta.backbone.engine.impl.EcosystemRunnerImpl.runAllTests(EcosystemRunnerImpl.java:203)
	at org.squashtest.ta.backbone.engine.impl.EcosystemRunnerImpl.run(EcosystemRunnerImpl.java:105)
	at org.squashtest.ta.backbone.engine.impl.SuiteRunnerImpl.execute(SuiteRunnerImpl.java:69)
	at org.squashtest.ta.backbone.engine.impl.EngineImpl.execute(EngineImpl.java:69)
	at org.squashtest.ta.galaxia.squash.ta.junit.runner.maven.SquashTAJunitRunnerMojo.executeImpl(SquashTAJunitRunnerMojo.java:235)
	at org.squashtest.ta.maven.AbstractSquashTaMojo.execution(AbstractSquashTaMojo.java:100)
	at org.squashtest.ta.maven.AbstractBaseSquashTaMojo.execute(AbstractBaseSquashTaMojo.java:86)
	at org.apache.maven.plugin.DefaultBuildPluginManager.executeMojo(DefaultBuildPluginManager.java:134)
	at org.apache.maven.lifecycle.internal.MojoExecutor.execute(MojoExecutor.java:208)
	at org.apache.maven.lifecycle.internal.MojoExecutor.execute(MojoExecutor.java:154)
	at org.apache.maven.lifecycle.internal.MojoExecutor.execute(MojoExecutor.java:146)
	at org.apache.maven.lifecycle.internal.LifecycleModuleBuilder.buildProject(LifecycleModuleBuilder.java:117)
	at org.apache.maven.lifecycle.internal.LifecycleModuleBuilder.buildProject(LifecycleModuleBuilder.java:81)
	at org.apache.maven.lifecycle.internal.builder.singlethreaded.SingleThreadedBuilder.build(SingleThreadedBuilder.java:51)
	at org.apache.maven.lifecycle.internal.LifecycleStarter.execute(LifecycleStarter.java:128)
	at org.apache.maven.DefaultMaven.doExecute(DefaultMaven.java:309)
	at org.apache.maven.DefaultMaven.doExecute(DefaultMaven.java:194)
	at org.apache.maven.DefaultMaven.execute(DefaultMaven.java:107)
	at org.apache.maven.cli.MavenCli.execute(MavenCli.java:993)
	at org.apache.maven.cli.MavenCli.doMain(MavenCli.java:345)
	at org.apache.maven.cli.MavenCli.main(MavenCli.java:191)
	at sun.reflect.NativeMethodAccessorImpl.invoke0(Native Method)
	at sun.reflect.NativeMethodAccessorImpl.invoke(NativeMethodAccessorImpl.java:62)
	at sun.reflect.DelegatingMethodAccessorImpl.invoke(DelegatingMethodAccessorImpl.java:43)
	at java.lang.reflect.Method.invoke(Method.java:498)
	at org.codehaus.plexus.classworlds.launcher.Launcher.launchEnhanced(Launcher.java:289)
	at org.codehaus.plexus.classworlds.launcher.Launcher.launch(Launcher.java:229)
	at org.codehaus.plexus.classworlds.launcher.Launcher.mainWithExitCode(Launcher.java:415)
	at org.codehaus.plexus.classworlds.launcher.Launcher.main(Launcher.java:356)
Caused by: org.openqa.selenium.WebDriverException: Failed to decode response from marionette
Build info: version: &apos;3.141.59&apos;, revision: &apos;e82be7d358&apos;, time: &apos;2018-11-14T08:17:03&apos;
System info: host: &apos;NXQLX079&apos;, ip: &apos;192.168.0.204&apos;, os.name: &apos;Windows 10&apos;, os.arch: &apos;amd64&apos;, os.version: &apos;10.0&apos;, java.version: &apos;1.8.0_201&apos;
Driver info: org.openqa.selenium.firefox.FirefoxDriver
Capabilities {acceptInsecureCerts: true, browserName: firefox, browserVersion: 69.0, javascriptEnabled: true, moz:accessibilityChecks: false, moz:buildID: 20190827005903, moz:geckodriverVersion: 0.24.0, moz:headless: false, moz:processID: 2924, moz:profile: C:\Users\dclaerhout\AppData..., moz:shutdownTimeout: 60000, moz:useNonSpecCompliantPointerOrigin: false, moz:webdriverClick: true, pageLoadStrategy: normal, platform: WINDOWS, platformName: WINDOWS, platformVersion: 10.0, rotatable: false, setWindowRect: true, strictFileInteractability: false, timeouts: {implicit: 0, pageLoad: 300000, script: 30000}, unhandledPromptBehavior: dismiss and notify}
Session ID: 84bae188-3771-4093-b745-6ea747c86b39
*** Element info: {Using=xpath, value=//iframe[@id=&apos;result&apos;]}
	at sun.reflect.NativeConstructorAccessorImpl.newInstance0(Native Method)
	at sun.reflect.NativeConstructorAccessorImpl.newInstance(NativeConstructorAccessorImpl.java:62)
	at sun.reflect.DelegatingConstructorAccessorImpl.newInstance(DelegatingConstructorAccessorImpl.java:45)
	at java.lang.reflect.Constructor.newInstance(Constructor.java:423)
	at org.openqa.selenium.remote.http.W3CHttpResponseCodec.createException(W3CHttpResponseCodec.java:187)
	at org.openqa.selenium.remote.http.W3CHttpResponseCodec.decode(W3CHttpResponseCodec.java:122)
	at org.openqa.selenium.remote.http.W3CHttpResponseCodec.decode(W3CHttpResponseCodec.java:49)
	at org.openqa.selenium.remote.HttpCommandExecutor.execute(HttpCommandExecutor.java:158)
	at org.openqa.selenium.remote.service.DriverCommandExecutor.execute(DriverCommandExecutor.java:83)
	at org.openqa.selenium.remote.RemoteWebDriver.execute(RemoteWebDriver.java:552)
	at org.openqa.selenium.remote.RemoteWebDriver.findElement(RemoteWebDriver.java:323)
	at org.openqa.selenium.remote.RemoteWebDriver.findElementByXPath(RemoteWebDriver.java:428)
	at org.openqa.selenium.By$ByXPath.findElement(By.java:353)
	at org.openqa.selenium.remote.RemoteWebDriver.findElement(RemoteWebDriver.java:315)
	at tnr.junitmetalink.AnimatedMenuTest.testMenuTestimonials(AnimatedMenuTest.java:28)
	at sun.reflect.NativeMethodAccessorImpl.invoke0(Native Method)
	at sun.reflect.NativeMethodAccessorImpl.invoke(NativeMethodAccessorImpl.java:62)
	at sun.reflect.DelegatingMethodAccessorImpl.invoke(DelegatingMethodAccessorImpl.java:43)
	at java.lang.reflect.Method.invoke(Method.java:498)
	at org.junit.platform.commons.util.ReflectionUtils.invokeMethod(ReflectionUtils.java:532)
	at org.junit.jupiter.engine.execution.ExecutableInvoker.invoke(ExecutableInvoker.java:115)
	at org.junit.jupiter.engine.descriptor.TestMethodTestDescriptor.lambda$invokeTestMethod$6(TestMethodTestDescriptor.java:171)
	at org.junit.platform.engine.support.hierarchical.ThrowableCollector.execute(ThrowableCollector.java:72)
	at org.junit.jupiter.engine.descriptor.TestMethodTestDescriptor.invokeTestMethod(TestMethodTestDescriptor.java:167)
	at org.junit.jupiter.engine.descriptor.TestMethodTestDescriptor.execute(TestMethodTestDescriptor.java:114)
	at org.junit.jupiter.engine.descriptor.TestMethodTestDescriptor.execute(TestMethodTestDescriptor.java:59)
	at org.junit.platform.engine.support.hierarchical.NodeTestTask.lambda$executeRecursively$4(NodeTestTask.java:108)
	at org.junit.platform.engine.support.hierarchical.ThrowableCollector.execute(ThrowableCollector.java:72)
	at org.junit.platform.engine.support.hierarchical.NodeTestTask.executeRecursively(NodeTestTask.java:98)
	at org.junit.platform.engine.support.hierarchical.NodeTestTask.execute(NodeTestTask.java:74)
	at java.util.ArrayList.forEach(ArrayList.java:1257)
	at org.junit.platform.engine.support.hierarchical.SameThreadHierarchicalTestExecutorService.invokeAll(SameThreadHierarchicalTestExecutorService.java:38)
	at org.junit.platform.engine.support.hierarchical.NodeTestTask.lambda$executeRecursively$4(NodeTestTask.java:112)
	at org.junit.platform.engine.support.hierarchical.ThrowableCollector.execute(ThrowableCollector.java:72)
	at org.junit.platform.engine.support.hierarchical.NodeTestTask.executeRecursively(NodeTestTask.java:98)
	at org.junit.platform.engine.support.hierarchical.NodeTestTask.execute(NodeTestTask.java:74)
	at java.util.ArrayList.forEach(ArrayList.java:1257)
	at org.junit.platform.engine.support.hierarchical.SameThreadHierarchicalTestExecutorService.invokeAll(SameThreadHierarchicalTestExecutorService.java:38)
	at org.junit.platform.engine.support.hierarchical.NodeTestTask.lambda$executeRecursively$4(NodeTestTask.java:112)
	at org.junit.platform.engine.support.hierarchical.ThrowableCollector.execute(ThrowableCollector.java:72)
	at org.junit.platform.engine.support.hierarchical.NodeTestTask.executeRecursively(NodeTestTask.java:98)
	at org.junit.platform.engine.support.hierarchical.NodeTestTask.execute(NodeTestTask.java:74)
	at org.junit.platform.engine.support.hierarchical.SameThreadHierarchicalTestExecutorService.submit(SameThreadHierarchicalTestExecutorService.java:32)
	at org.junit.platform.engine.support.hierarchical.HierarchicalTestExecutor.execute(HierarchicalTestExecutor.java:57)
	at org.junit.platform.engine.support.hierarchical.HierarchicalTestEngine.execute(HierarchicalTestEngine.java:51)
	at org.junit.platform.launcher.core.DefaultLauncher.execute(DefaultLauncher.java:220)
	at org.junit.platform.launcher.core.DefaultLauncher.lambda$execute$6(DefaultLauncher.java:188)
	at org.junit.platform.launcher.core.DefaultLauncher.withInterceptedStreams(DefaultLauncher.java:202)
	at org.junit.platform.launcher.core.DefaultLauncher.execute(DefaultLauncher.java:181)
	at org.junit.platform.launcher.core.DefaultLauncher.execute(DefaultLauncher.java:128)
	at org.squashtest.ta.squash.ta.plugin.junit.library.context.Junit5UniqueIdExecution.perform(Junit5UniqueIdExecution.java:43)
	at org.squashtest.ta.squash.ta.plugin.junit.library.context.Junit5UniqueIdExecution.perform(Junit5UniqueIdExecution.java:1)
	at org.squashtest.ta.squash.ta.plugin.junit.library.context.Junit5ContextImpl.doInClassloadingFirewall(Junit5ContextImpl.java:85)
	at org.squashtest.ta.squash.ta.plugin.junit.library.context.Junit5ContextImpl.launch(Junit5ContextImpl.java:50)
	at org.squashtest.ta.squash.ta.plugin.junit.commands.delegate.UniqueIdTestStrategy.launchSingleTargetTest(UniqueIdTestStrategy.java:78)
	... 40 more

            </pre>
        </div>
    </div>
                </div>
        </td>
        <td class="txtcenter instruction-line">
            0
        </td>
    </tr>
    <tr class="a">
        <td class="center status">
        <img src="public/images/Circle_Grey.png" />
        </td>
        <td class="table-inner-content" colspan="2">
            <div class="col">Checking test was successful</div>
        </td>
        <td class="txtcenter instruction-line">
            0
        </td>
    </tr>
                    
                </tbody>
            </table>
            <br/>
        </div>
    </div>
    <div class="script-link">
        <a href="#header">[Back to top]</a>&nbsp;<a href="#maven.test.bundle.tnr.junitmetalink.AnimatedMenuTest">[Back to maven.test.bundle.tnr.junitmetalink.AnimatedMenuTest]</a>
    </div>
    
    </div>
                </div>
        
    </div>
    <div class="footer txtcenter">
        <p>Generated by Squash TF&copy; on 11/18/2019 16:34</p>
    </div>
    <script type="text/javascript" src="public/javascripts/dropdown.js" ></script>
</body>
</html>
